{
  "0 debug pnpm:scope": {
    "selected": 1,
    "workspacePrefix": null
  },
  "1 error pnpm": {
    "message": {
      "errno": 1,
      "code": "ELIFECYCLE",
      "pkgid": "@mcf/utils@0.1.0",
      "stage": "test",
      "script": "jest",
      "pkgname": "@mcf/utils"
    },
    "err": {
      "name": "Error",
      "message": "@mcf/utils@0.1.0 test: `jest`\nExit status 1",
      "code": "ELIFECYCLE",
      "stack": "Error: @mcf/utils@0.1.0 test: `jest`\nExit status 1\n    at EventEmitter.<anonymous> (/usr/local/lib/node_modules/pnpm/lib/node_modules/@zkochan/npm-lifecycle/index.js:302:16)\n    at EventEmitter.emit (events.js:209:13)\n    at ChildProcess.<anonymous> (/usr/local/lib/node_modules/pnpm/lib/node_modules/@zkochan/npm-lifecycle/lib/spawn.js:55:14)\n    at ChildProcess.emit (events.js:209:13)\n    at maybeClose (internal/child_process.js:1021:16)\n    at Process.ChildProcess._handle.onexit (internal/child_process.js:283:5)"
    }
  }
}